#
# A fatal error has been detected by the Java Runtime Environment:
#
#  SIGSEGV (0xb) at pc=0x00007f0ef5c7f393, pid=65725, tid=65753
#
# JRE version: OpenJDK Runtime Environment (16.0.2+7) (build 16.0.2+7-67)
# Java VM: OpenJDK 64-Bit Server VM (16.0.2+7-67, mixed mode, tiered, compressed oops, compressed class ptrs, g1 gc, linux-amd64)
# Problematic frame:
# C  [libjimage.so+0x4393]
#
# Core dump will be written. Default location: Core dumps may be processed with "/usr/lib/systemd/systemd-coredump %P %u %g %s %t %c %h" (or dumping to /home/vino/Documents/Workspaces/JavaFx/javafx4/core.65725)
#
# If you would like to submit a bug report, please visit:
#   https://bugreport.java.com/bugreport/crash.jsp
#

---------------  S U M M A R Y ------------

Command Line: -XX:+ShowCodeDetailsInExceptionMessages -agentlib:jdwp=transport=dt_socket,suspend=y,address=localhost:38933 --module-path=/usr/lib/jvm/java-17-openjdk/lib/ --add-modules=javafx.fxml,javafx.controls -javaagent:/home/vino/.eclipse/org.eclipse.platform_4.21.0_155965261_linux_gtk_x86_64/configuration/org.eclipse.osgi/217/0/.cp/lib/javaagent-shaded.jar -Dfile.encoding=UTF-8 --module-path=/lib/jvm/java-17-openjdk/lib/javafx.base.jar:/lib/jvm/java-17-openjdk/lib/javafx.controls.jar:/lib/jvm/java-17-openjdk/lib/javafx.fxml.jar:/lib/jvm/java-17-openjdk/lib/javafx.graphics.jar:/lib/jvm/java-17-openjdk/lib/javafx.media.jar:/lib/jvm/java-17-openjdk/lib/javafx.swing.jar:/lib/jvm/java-17-openjdk/lib/javafx.web.jar:/lib/jvm/java-17-openjdk/lib/javafx-swt.jar application.Main

Host: Intel(R) Celeron(R) CPU 1000M @ 1.80GHz, 2 cores, 3G, Arch Linux
Time: Tue Nov 30 13:23:45 2021 -03 elapsed time: 45.970431 seconds (0d 0h 0m 45s)

---------------  T H R E A D  ---------------

Current thread (0x00007f0ef0153fc0):  JavaThread "Signal Dispatcher" daemon [_thread_in_vm, id=65753, stack(0x00007f0ed8113000,0x00007f0ed8214000)]

Stack: [0x00007f0ed8113000,0x00007f0ed8214000],  sp=0x00007f0ed8211150,  free space=1016k
Native frames: (J=compiled Java code, A=aot compiled Java code, j=interpreted, Vv=VM code, C=native code)
C  [libjimage.so+0x4393]
C  [libjimage.so+0x50de]
C  [libjimage.so+0x55bc]  JIMAGE_FindResource+0xfc
V  [libjvm.so+0x55e431]
V  [libjvm.so+0x56299e]
V  [libjvm.so+0xd32def]
V  [libjvm.so+0xd31b72]
V  [libjvm.so+0xd33d7e]
V  [libjvm.so+0x5cce68]
V  [libjvm.so+0x7ed722]
j  jdk.internal.misc.Signal.dispatch(I)V+25 java.base@16.0.2
v  ~StubRoutines::call_stub
V  [libjvm.so+0x7f4a75]
V  [libjvm.so+0x7f4eac]
V  [libjvm.so+0xbca02b]
V  [libjvm.so+0xd7c5cb]
V  [libjvm.so+0xd812bd]
V  [libjvm.so+0xbd81b7]

Java frames: (J=compiled Java code, j=interpreted, Vv=VM code)
j  jdk.internal.misc.Signal.dispatch(I)V+25 java.base@16.0.2
v  ~StubRoutines::call_stub

siginfo: si_signo: 11 (SIGSEGV), si_code: 1 (SEGV_MAPERR), si_addr: 0x00007f0eecaf5c00

Register to memory mapping:

RAX=0x00007f0ef5c97b10: <offset 0x000000000001cb10> in /usr/lib/eclipse/plugins/org.eclipse.justj.openjdk.hotspot.jre.full.linux.x86_64_16.0.2.v20210721-1149/jre/lib/libjimage.so at 0x00007f0ef5c7b000
RBX=0x00007f0ed8211201 is pointing into the stack for thread: 0x00007f0ef0153fc0
RCX=0x00007f0ed8211223 is pointing into the stack for thread: 0x00007f0ef0153fc0
RDX=0x00000000000026f9 is an unknown value
RSP=0x00007f0ed8211150 is pointing into the stack for thread: 0x00007f0ef0153fc0
RBP=0x00007f0ed8211170 is pointing into the stack for thread: 0x00007f0ef0153fc0
RSI=0x00007f0eecaec01c is an unknown value
RDI=0x00007f0ef5c99010: <offset 0x000000000001e010> in /usr/lib/eclipse/plugins/org.eclipse.justj.openjdk.hotspot.jre.full.linux.x86_64_16.0.2.v20210721-1149/jre/lib/libjimage.so at 0x00007f0ef5c7b000
R8 =0x0000000000009d99 is an unknown value
R9 =0x73696d2f6c616e72 is an unknown value
R10=0x6e7265746e692f6b is an unknown value
R11=0x2f6373696d2f6c61 is an unknown value
R12=0x0000000000006ecf is an unknown value
R13=0x00007f0ed8211200 is pointing into the stack for thread: 0x00007f0ef0153fc0
R14=0x0 is NULL
R15=0x00007f0ed8211200 is pointing into the stack for thread: 0x00007f0ef0153fc0


Registers:
RAX=0x00007f0ef5c97b10, RBX=0x00007f0ed8211201, RCX=0x00007f0ed8211223, RDX=0x00000000000026f9
RSP=0x00007f0ed8211150, RBP=0x00007f0ed8211170, RSI=0x00007f0eecaec01c, RDI=0x00007f0ef5c99010
R8 =0x0000000000009d99, R9 =0x73696d2f6c616e72, R10=0x6e7265746e692f6b, R11=0x2f6373696d2f6c61
R12=0x0000000000006ecf, R13=0x00007f0ed8211200, R14=0x0000000000000000, R15=0x00007f0ed8211200
RIP=0x00007f0ef5c7f393, EFLAGS=0x0000000000010246, CSGSFS=0x002b000000000033, ERR=0x0000000000000004
  TRAPNO=0x000000000000000e

Top of Stack: (sp=0x00007f0ed8211150)
0x00007f0ed8211150:   0000000000000000 00007f0ed8212298
0x00007f0ed8211160:   00007f0ef00029d0 00007f0ed8211200
0x00007f0ed8211170:   00007f0ed82111e0 00007f0ef5c800de
0x00007f0ed8211180:   0000000000000000 0000000000000000 

Instructions: (pc=0x00007f0ef5c7f393)
0x00007f0ef5c7f293:   4c 89 5d 98 e8 b4 ee ff ff 4c 8b 5d 98 4d 01 df
0x00007f0ef5c7f2a3:   4d 85 f6 74 08 4c 89 f7 e8 b0 17 00 00 44 03 65
0x00007f0ef5c7f2b3:   90 e9 3f fe ff ff 0f 1f 80 00 00 00 00 41 8b 10
0x00007f0ef5c7f2c3:   41 89 55 00 41 8b 54 00 fc 41 89 54 05 fc e9 7a
0x00007f0ef5c7f2d3:   fc ff ff 66 2e 0f 1f 84 00 00 00 00 00 ba 0a 00
0x00007f0ef5c7f2e3:   00 00 e9 f0 fc ff ff 41 0f b7 54 00 fe 66 41 89
0x00007f0ef5c7f2f3:   54 05 fe e9 55 fc ff ff 0f 1f 44 00 00 0f b6 07
0x00007f0ef5c7f303:   89 f2 48 8d 4f 01 84 c0 74 19 0f 1f 00 69 d2 93
0x00007f0ef5c7f313:   01 00 01 48 83 c1 01 31 c2 0f b6 41 ff 84 c0 75
0x00007f0ef5c7f323:   ec 89 d6 89 f0 25 ff ff ff 7f c3 66 90 48 85 d2
0x00007f0ef5c7f333:   0f 84 d6 00 00 00 55 48 89 e5 41 55 41 54 41 89
0x00007f0ef5c7f343:   cc 53 48 83 ec 08 85 c9 0f 84 b6 00 00 00 49 89
0x00007f0ef5c7f353:   f5 48 89 d6 41 0f b6 55 00 49 8d 5d 01 84 d2 0f
0x00007f0ef5c7f363:   84 98 00 00 00 48 89 d9 b8 93 01 00 01 69 c0 93
0x00007f0ef5c7f373:   01 00 01 48 83 c1 01 31 d0 0f b6 51 ff 84 d2 75
0x00007f0ef5c7f383:   ec 25 ff ff ff 7f 31 d2 41 f7 f4 48 8b 07 89 d2
0x00007f0ef5c7f393:   8b 34 96 ff 50 20 85 c0 7f 1b 74 68 f7 d0 41 89
0x00007f0ef5c7f3a3:   c0 48 83 c4 08 44 89 c0 5b 41 5c 41 5d 5d c3 66
0x00007f0ef5c7f3b3:   0f 1f 44 00 00 41 0f b6 4d 00 89 c6 84 c9 74 1b
0x00007f0ef5c7f3c3:   0f 1f 44 00 00 69 f6 93 01 00 01 48 83 c3 01 31
0x00007f0ef5c7f3d3:   ce 0f b6 4b ff 84 c9 75 ec 89 f0 25 ff ff ff 7f
0x00007f0ef5c7f3e3:   31 d2 48 83 c4 08 41 f7 f4 5b 41 5c 41 5d 5d 41
0x00007f0ef5c7f3f3:   89 d0 44 89 c0 c3 0f 1f 80 00 00 00 00 b8 93 01
0x00007f0ef5c7f403:   00 01 eb 82 41 b8 ff ff ff ff eb 95 41 83 c8 ff
0x00007f0ef5c7f413:   44 89 c0 c3 90 0f 1f 84 00 00 00 00 00 eb 19 66
0x00007f0ef5c7f423:   0f 1f 44 00 00 0f b6 16 84 d2 74 13 38 c2 75 1d
0x00007f0ef5c7f433:   48 83 c7 01 48 83 c6 01 0f b6 07 84 c0 75 e6 48
0x00007f0ef5c7f443:   89 f8 c3 66 2e 0f 1f 84 00 00 00 00 00 31 c0 c3
0x00007f0ef5c7f453:   90 66 66 2e 0f 1f 84 00 00 00 00 00 90 49 89 f9
0x00007f0ef5c7f463:   49 89 f2 48 85 f6 74 58 41 0f b6 02 84 c0 74 50
0x00007f0ef5c7f473:   0f 1f 44 00 00 89 c2 89 c7 83 e0 07 c0 ea 03 49
0x00007f0ef5c7f483:   8d 74 02 02 83 e7 07 31 c0 44 0f b6 c2 49 8d 52 


Stack slot to memory mapping:
stack at sp + 0 slots: 0x0 is NULL
stack at sp + 1 slots: 0x00007f0ed8212298 is pointing into the stack for thread: 0x00007f0ef0153fc0
stack at sp + 2 slots: 0x00007f0ef00029d0 points into unknown readable memory: 0x00007f0900ef2a42 | 42 2a ef 00 09 7f 00 00
stack at sp + 3 slots: 0x00007f0ed8211200 is pointing into the stack for thread: 0x00007f0ef0153fc0
stack at sp + 4 slots: 0x00007f0ed82111e0 is pointing into the stack for thread: 0x00007f0ef0153fc0
stack at sp + 5 slots: 0x00007f0ef5c800de: <offset 0x00000000000050de> in /usr/lib/eclipse/plugins/org.eclipse.justj.openjdk.hotspot.jre.full.linux.x86_64_16.0.2.v20210721-1149/jre/lib/libjimage.so at 0x00007f0ef5c7b000
stack at sp + 6 slots: 0x0 is NULL
stack at sp + 7 slots: 0x0 is NULL


---------------  P R O C E S S  ---------------

Threads class SMR info:
_java_thread_list=0x00007f0ea8002250, length=19, elements={
0x00007f0ef00255f0, 0x00007f0ef0123e70, 0x00007f0ef0125940, 0x00007f0ef0153fc0,
0x00007f0ef0155510, 0x00007f0ef0156a50, 0x00007f0ef0158200, 0x00007f0ef0159810,
0x00007f0ef015adb0, 0x00007f0ef02171e0, 0x00007f0ef02e2f30, 0x00007f0ef02e6610,
0x00007f0ef0372200, 0x00007f0ef03e9f70, 0x00007f0ef0b24000, 0x00007f0ef079e100,
0x00007f0ef0773440, 0x00007f0ed1a0bfb0, 0x00007f0eb5c622b0
}

Java Threads: ( => current thread )
  0x00007f0ef00255f0 JavaThread "main" [_thread_blocked, id=65732, stack(0x00007f0ef45c0000,0x00007f0ef46c1000)]
  0x00007f0ef0123e70 JavaThread "Reference Handler" daemon [_thread_blocked, id=65751, stack(0x00007f0ed85fd000,0x00007f0ed86fe000)]
  0x00007f0ef0125940 JavaThread "Finalizer" daemon [_thread_blocked, id=65752, stack(0x00007f0ed84fc000,0x00007f0ed85fd000)]
=>0x00007f0ef0153fc0 JavaThread "Signal Dispatcher" daemon [_thread_in_vm, id=65753, stack(0x00007f0ed8113000,0x00007f0ed8214000)]
  0x00007f0ef0155510 JavaThread "Service Thread" daemon [_thread_blocked, id=65754, stack(0x00007f0ed8012000,0x00007f0ed8113000)]
  0x00007f0ef0156a50 JavaThread "Monitor Deflation Thread" daemon [_thread_blocked, id=65755, stack(0x00007f0eb3eff000,0x00007f0eb4000000)]
  0x00007f0ef0158200 JavaThread "C2 CompilerThread0" daemon [_thread_blocked, id=65756, stack(0x00007f0eb3dfe000,0x00007f0eb3eff000)]
  0x00007f0ef0159810 JavaThread "C1 CompilerThread0" daemon [_thread_blocked, id=65757, stack(0x00007f0eb3cfd000,0x00007f0eb3dfe000)]
  0x00007f0ef015adb0 JavaThread "Sweeper thread" daemon [_thread_blocked, id=65758, stack(0x00007f0eb3bfc000,0x00007f0eb3cfd000)]
  0x00007f0ef02171e0 JavaThread "Common-Cleaner" daemon [_thread_blocked, id=65759, stack(0x00007f0eb3afb000,0x00007f0eb3bfc000)]
  0x00007f0ef02e2f30 JavaThread "JDWP Transport Listener: dt_socket" daemon [_thread_in_native, id=65762, stack(0x00007f0eb38f8000,0x00007f0eb39f9000)]
  0x00007f0ef02e6610 JavaThread "JDWP Event Helper Thread" daemon [_thread_blocked, id=65765, stack(0x00007f0eb37f7000,0x00007f0eb38f8000)]
  0x00007f0ef0372200 JavaThread "Notification Thread" daemon [_thread_blocked, id=65768, stack(0x00007f0eb35f5000,0x00007f0eb36f6000)]
  0x00007f0ef03e9f70 JavaThread "QuantumRenderer-0" daemon [_thread_blocked, id=65785, stack(0x00007f0eb2aff000,0x00007f0eb2c00000)]
  0x00007f0ef0b24000 JavaThread "InvokeLaterDispatcher" daemon [_thread_blocked, id=65789, stack(0x00007f0e9c0f6000,0x00007f0e9c1f7000)]
  0x00007f0ef079e100 JavaThread "JavaFX Application Thread" [_thread_in_native, id=65794, stack(0x00007f0e976fe000,0x00007f0e977ff000)]
  0x00007f0ef0773440 JavaThread "JavaFX-Launcher" [_thread_blocked, id=65803, stack(0x00007f0e964ba000,0x00007f0e965bb000)]
  0x00007f0ed1a0bfb0 JavaThread "Prism Font Disposer" daemon [_thread_blocked, id=65822, stack(0x00007f0e96029000,0x00007f0e9612a000)]
  0x00007f0eb5c622b0 JavaThread "Cleaner-0" daemon [_thread_blocked, id=65835, stack(0x00007f0e83ac7000,0x00007f0e83bc8000)]

Other Threads:
  0x00007f0ef0105460 VMThread "VM Thread" [stack: 0x00007f0ed8700000,0x00007f0ed8800000] [id=65750]
  0x00007f0ef010a920 WatcherThread [stack: 0x00007f0eb34f5000,0x00007f0eb35f5000] [id=65769]
  0x00007f0ef0052c80 GCTaskThread "GC Thread#0" [stack: 0x00007f0ef400e000,0x00007f0ef410e000] [id=65734]
  0x00007f0ebc003fc0 GCTaskThread "GC Thread#1" [stack: 0x00007f0eb39fb000,0x00007f0eb3afb000] [id=65760]
  0x00007f0ef005b900 ConcurrentGCThread "G1 Main Marker" [stack: 0x00007f0edb71d000,0x00007f0edb81d000] [id=65735]
  0x00007f0ef005c990 ConcurrentGCThread "G1 Conc#0" [stack: 0x00007f0edb61b000,0x00007f0edb71b000] [id=65736]
  0x00007f0ef008e7e0 ConcurrentGCThread "G1 Refine#0" [stack: 0x00007f0ed9317000,0x00007f0ed9417000] [id=65737]
  0x00007f0ef008f800 ConcurrentGCThread "G1 Service" [stack: 0x00007f0ed9215000,0x00007f0ed9315000] [id=65738]

Threads with active compile tasks:

VM state: not at safepoint (normal execution)

VM Mutex/Monitor currently owned by a thread: None

Heap address: 0x00000000c5600000, size: 938 MB, Compressed Oops mode: 32-bit

CDS disabled.
Compressed class space mapped at: 0x0000000100000000-0x0000000140000000, reserved size: 1073741824
Narrow klass base: 0x0000000000000000, Narrow klass shift: 3, Narrow klass range: 0x140000000

GC Precious Log:
 CPUs: 2 total, 2 available
 Memory: 3748M
 Large Page Support: Disabled
 NUMA Support: Disabled
 Compressed Oops: Enabled (32-bit)
 Heap Region Size: 1M
 Heap Min Capacity: 8M
 Heap Initial Capacity: 60M
 Heap Max Capacity: 938M
 Pre-touch: Disabled
 Parallel Workers: 2
 Concurrent Workers: 1
 Concurrent Refinement Workers: 2
 Periodic GC: Disabled

Heap:
 garbage-first heap   total 27648K, used 14093K [0x00000000c5600000, 0x0000000100000000)
  region size 1024K, 7 young (7168K), 2 survivors (2048K)
 Metaspace       used 24145K, committed 24384K, reserved 1073152K
  class space    used 2878K, committed 3008K, reserved 1048576K

Heap Regions: E=young(eden), S=young(survivor), O=old, HS=humongous(starts), HC=humongous(continues), CS=collection set, F=free, OA=open archive, CA=closed archive, TAMS=top-at-mark-start (previous, next)
|   0|0x00000000c5600000, 0x00000000c5700000, 0x00000000c5700000|100%| O|  |TAMS 0x00000000c56ef000, 0x00000000c5600000| Untracked 
|   1|0x00000000c5700000, 0x00000000c5800000, 0x00000000c5800000|100%| O|  |TAMS 0x00000000c5700000, 0x00000000c5700000| Untracked 
|   2|0x00000000c5800000, 0x00000000c5900000, 0x00000000c5900000|100%| O|  |TAMS 0x00000000c5800000, 0x00000000c5800000| Untracked 
|   3|0x00000000c5900000, 0x00000000c5a00000, 0x00000000c5a00000|100%| O|  |TAMS 0x00000000c5900000, 0x00000000c5900000| Untracked 
|   4|0x00000000c5a00000, 0x00000000c5ad1800, 0x00000000c5b00000| 81%| O|  |TAMS 0x00000000c5a00000, 0x00000000c5a00000| Untracked 
|   5|0x00000000c5b00000, 0x00000000c5c00000, 0x00000000c5c00000|100%|HS|  |TAMS 0x00000000c5b00000, 0x00000000c5b00000| Complete 
|   6|0x00000000c5c00000, 0x00000000c5d00000, 0x00000000c5d00000|100%|HC|  |TAMS 0x00000000c5c00000, 0x00000000c5c00000| Complete 
|   7|0x00000000c5d00000, 0x00000000c5e00000, 0x00000000c5e00000|100%| O|  |TAMS 0x00000000c5d00000, 0x00000000c5d00000| Untracked 
|   8|0x00000000c5e00000, 0x00000000c5ec5e00, 0x00000000c5f00000| 77%| O|  |TAMS 0x00000000c5e00000, 0x00000000c5e00000| Untracked 
|   9|0x00000000c5f00000, 0x00000000c5f2bea8, 0x00000000c6000000| 17%| S|CS|TAMS 0x00000000c5f00000, 0x00000000c5f00000| Complete 
|  10|0x00000000c6000000, 0x00000000c6100000, 0x00000000c6100000|100%| S|CS|TAMS 0x00000000c6000000, 0x00000000c6000000| Complete 
|  11|0x00000000c6100000, 0x00000000c6100000, 0x00000000c6200000|  0%| F|  |TAMS 0x00000000c6100000, 0x00000000c6100000| Untracked 
|  12|0x00000000c6200000, 0x00000000c6200000, 0x00000000c6300000|  0%| F|  |TAMS 0x00000000c6200000, 0x00000000c6200000| Untracked 
|  13|0x00000000c6300000, 0x00000000c6300000, 0x00000000c6400000|  0%| F|  |TAMS 0x00000000c6300000, 0x00000000c6300000| Untracked 
|  14|0x00000000c6400000, 0x00000000c6400000, 0x00000000c6500000|  0%| F|  |TAMS 0x00000000c6400000, 0x00000000c6400000| Untracked 
|  15|0x00000000c6500000, 0x00000000c6500000, 0x00000000c6600000|  0%| F|  |TAMS 0x00000000c6500000, 0x00000000c6500000| Untracked 
|  16|0x00000000c6600000, 0x00000000c6600000, 0x00000000c6700000|  0%| F|  |TAMS 0x00000000c6600000, 0x00000000c6600000| Untracked 
|  17|0x00000000c6700000, 0x00000000c6700000, 0x00000000c6800000|  0%| F|  |TAMS 0x00000000c6700000, 0x00000000c6700000| Untracked 
|  18|0x00000000c6800000, 0x00000000c6800000, 0x00000000c6900000|  0%| F|  |TAMS 0x00000000c6800000, 0x00000000c6800000| Untracked 
|  19|0x00000000c6900000, 0x00000000c6900000, 0x00000000c6a00000|  0%| F|  |TAMS 0x00000000c6900000, 0x00000000c6900000| Untracked 
|  20|0x00000000c6a00000, 0x00000000c6a00000, 0x00000000c6b00000|  0%| F|  |TAMS 0x00000000c6a00000, 0x00000000c6a00000| Untracked 
|  21|0x00000000c6b00000, 0x00000000c6b00000, 0x00000000c6c00000|  0%| F|  |TAMS 0x00000000c6b00000, 0x00000000c6b00000| Untracked 
|  22|0x00000000c6c00000, 0x00000000c6cd8f28, 0x00000000c6d00000| 84%| E|  |TAMS 0x00000000c6c00000, 0x00000000c6c00000| Complete 
|  23|0x00000000c6d00000, 0x00000000c6e00000, 0x00000000c6e00000|100%| E|CS|TAMS 0x00000000c6d00000, 0x00000000c6d00000| Complete 
|  27|0x00000000c7100000, 0x00000000c7200000, 0x00000000c7200000|100%| E|CS|TAMS 0x00000000c7100000, 0x00000000c7100000| Complete 
|  28|0x00000000c7200000, 0x00000000c7300000, 0x00000000c7300000|100%| E|CS|TAMS 0x00000000c7200000, 0x00000000c7200000| Complete 
|  59|0x00000000c9100000, 0x00000000c9200000, 0x00000000c9200000|100%| E|CS|TAMS 0x00000000c9100000, 0x00000000c9100000| Complete 

Card table byte_map: [0x00007f0edd742000,0x00007f0edd917000] _byte_map_base: 0x00007f0edd117000

Marking Bits (Prev, Next): (CMBitMap*) 0x00007f0ef0053870, (CMBitMap*) 0x00007f0ef0053830
 Prev Bits: [0x00007f0edb81d000, 0x00007f0edc6c5000)
 Next Bits: [0x00007f0edc6c5000, 0x00007f0edd56d000)

Polling page: 0x00007f0ef5c78000

